<?xml version="1.0" encoding="UTF-8"?>
<!-- Generated by org.testng.reporters.JUnitReportReporter -->
<testsuite hostname="DESKTOP-ES13M8A" failures="0" tests="1" name="com.patterns.UseActionsTest" time="10.648" errors="0" timestamp="2021-09-13T21:58:43 MSK" skipped="0">
  <testcase classname="com.patterns.UseActionsTest" name="useActionsAndJavaScriptTest" time="10.648"/>
  <system-out/>
</testsuite> <!-- com.patterns.UseActionsTest -->
