<?xml version="1.0" encoding="UTF-8"?>
<!-- Generated by org.testng.reporters.JUnitReportReporter -->
<testsuite hostname="DESKTOP-ES13M8A" failures="0" tests="1" name="com.patterns.UseWaitersTest" time="8.199" errors="0" timestamp="2021-09-13T21:58:43 MSK" skipped="0">
  <testcase classname="com.patterns.UseWaitersTest" name="useWaiters" time="8.199"/>
  <system-out/>
</testsuite> <!-- com.patterns.UseWaitersTest -->
