<?xml version="1.0" encoding="UTF-8"?>
<!-- Generated by org.testng.reporters.JUnitReportReporter -->
<testsuite hostname="DESKTOP-ES13M8A" failures="0" tests="1" name="com.patterns.UseIframeTest" time="8.572" errors="0" timestamp="2021-09-13T21:58:43 MSK" skipped="0">
  <testcase classname="com.patterns.UseIframeTest" name="frameTest" time="8.572"/>
  <system-out/>
</testsuite> <!-- com.patterns.UseIframeTest -->
