<?xml version="1.0" encoding="UTF-8"?>
<!-- Generated by org.testng.reporters.JUnitReportReporter -->
<testsuite hostname="DESKTOP-ES13M8A" failures="0" tests="3" name="com.patterns.tests.SearchTest" time="9.189" errors="0" timestamp="2021-09-13T21:58:43 MSK" skipped="0">
  <testcase classname="com.patterns.tests.SearchTest" name="typeInSearchFieldOnclickToSearchButtonWithJS" time="3.486"/>
  <system-out/>
  <testcase classname="com.patterns.tests.SearchTest" name="verifySearchByVoiceTooltipOnGoogle" time="0.583"/>
  <system-out/>
  <testcase classname="com.patterns.tests.SearchTest" name="searchByKeyword_FindAll_LinesResultsIsContains_withDataProvider" time="5.120"/>
  <system-out/>
</testsuite> <!-- com.patterns.tests.SearchTest -->
